<?xml version="1.0" encoding="UTF-8"?>
<!-- Generated by org.testng.reporters.JUnitReportReporter -->
<testsuite hostname="DESKTOP-MN5RQUC" failures="0" tests="5" name="tests.HomePageTest" time="3.348" errors="0" timestamp="19 Jun 2022 15:54:57 GMT" skipped="0">
  <testcase classname="tests.HomePageTest" name="homePageTitleTest" time="0.042"/>
  <testcase classname="tests.HomePageTest" name="searchTest" time="1.764"/>
  <testcase classname="tests.HomePageTest" name="homePageURLTest" time="0.009"/>
  <testcase classname="tests.HomePageTest" name="searchTest" time="0.678"/>
  <testcase classname="tests.HomePageTest" name="searchTest" time="0.855"/>
</testsuite> <!-- tests.HomePageTest -->
